SF:lib/src/open_meteo_api_client.dart
DA:14,2
DA:22,1
DA:24,1
DA:27,1
DA:31,2
DA:34,2
DA:35,1
DA:39,2
DA:42,2
DA:45,1
DA:48,2
DA:51,2
DA:55,1
DA:57,2
DA:58,1
DA:59,1
DA:64,2
DA:67,2
DA:68,1
DA:72,2
DA:75,1
DA:76,1
DA:80,1
DA:83,1
LF:24
LH:24
end_of_record
SF:lib/src/models/location.dart
DA:7,2
DA:14,4
LF:2
LH:2
end_of_record
SF:lib/src/models/location.g.dart
DA:11,4
DA:14,2
DA:15,2
DA:16,6
DA:17,4
DA:18,6
DA:19,6
LF:7
LH:7
end_of_record
SF:lib/src/models/weather.dart
DA:7,2
DA:12,4
LF:2
LH:2
end_of_record
SF:lib/src/models/weather.g.dart
DA:11,4
DA:14,2
DA:15,2
DA:17,6
DA:19,6
LF:5
LH:5
end_of_record
